# JRE version: OpenJDK Runtime Environment GraalVM CE 22.3.0 (17.0.5+8) (build 17.0.5+8-jvmci-22.3-b08)
# Java VM: OpenJDK 64-Bit Server VM GraalVM CE 22.3.0 (17.0.5+8-jvmci-22.3-b08, mixed mode, sharing, tiered, jvmci, jvmci compiler, compressed oops, compressed class ptrs, parallel gc, linux-amd64)
GC Precious Log:
 CPUs: 8 total, 1 available
 Memory: 1024M
 Large Page Support: Disabled
 NUMA Support: Disabled
 Compressed Oops: Enabled (32-bit)
 Alignments: Space 512K, Generation 512K, Heap 2M
 Heap Min Capacity: 100M
 Heap Initial Capacity: 100M
 Heap Max Capacity: 512M
 Pre-touch: Disabled
 Parallel Workers: 1
Heap:
 PSYoungGen      total 37888K, used 26623K [0x00000000f5580000, 0x00000000f8700000, 0x0000000100000000)
  eden space 26624K, 99% used [0x00000000f5580000,0x00000000f6f7ffe8,0x00000000f6f80000)
  from space 11264K, 0% used [0x00000000f6f80000,0x00000000f6f80000,0x00000000f7a80000)
  to   space 10752K, 0% used [0x00000000f7a80000,0x00000000f7a80000,0x00000000f8500000)
 ParOldGen       total 349696K, used 349695K [0x00000000e0000000, 0x00000000f5580000, 0x00000000f5580000)
  object space 349696K, 99% used [0x00000000e0000000,0x00000000f557ffe8,0x00000000f5580000)
 Metaspace       used 49069K, committed 50304K, reserved 1097728K
  class space    used 4847K, committed 5312K, reserved 1048576K
GC Heap History (20 events):
Event: 818.194 GC heap before
{Heap before GC invocations=536 (full 462):
 PSYoungGen      total 37888K, used 26624K [0x00000000f5580000, 0x00000000f8700000, 0x0000000100000000)
  eden space 26624K, 100% used [0x00000000f5580000,0x00000000f6f80000,0x00000000f6f80000)
  from space 11264K, 0% used [0x00000000f6f80000,0x00000000f6f80000,0x00000000f7a80000)
  to   space 10752K, 0% used [0x00000000f7a80000,0x00000000f7a80000,0x00000000f8500000)
 ParOldGen       total 349696K, used 349695K [0x00000000e0000000, 0x00000000f5580000, 0x00000000f5580000)
  object space 349696K, 99% used [0x00000000e0000000,0x00000000f557ff30,0x00000000f5580000)
 Metaspace       used 49067K, committed 50304K, reserved 1097728K
  class space    used 4847K, committed 5312K, reserved 1048576K
}
Event: 819.903 GC heap after
{Heap after GC invocations=536 (full 462):
 PSYoungGen      total 37376K, used 26623K [0x00000000f5580000, 0x00000000f8700000, 0x0000000100000000)
  eden space 26624K, 99% used [0x00000000f5580000,0x00000000f6f7ff88,0x00000000f6f80000)
  from space 10752K, 0% used [0x00000000f7a80000,0x00000000f7a80000,0x00000000f8500000)
  to   space 11264K, 0% used [0x00000000f6f80000,0x00000000f6f80000,0x00000000f7a80000)
 ParOldGen       total 349696K, used 349694K [0x00000000e0000000, 0x00000000f5580000, 0x00000000f5580000)
  object space 349696K, 99% used [0x00000000e0000000,0x00000000f557fb28,0x00000000f5580000)
 Metaspace       used 49067K, committed 50304K, reserved 1097728K
  class space    used 4847K, committed 5312K, reserved 1048576K
}
Event: 819.904 GC heap before
{Heap before GC invocations=537 (full 463):
 PSYoungGen      total 37376K, used 26623K [0x00000000f5580000, 0x00000000f8700000, 0x0000000100000000)
  eden space 26624K, 99% used [0x00000000f5580000,0x00000000f6f7fff8,0x00000000f6f80000)
  from space 10752K, 0% used [0x00000000f7a80000,0x00000000f7a80000,0x00000000f8500000)
  to   space 11264K, 0% used [0x00000000f6f80000,0x00000000f6f80000,0x00000000f7a80000)
 ParOldGen       total 349696K, used 349694K [0x00000000e0000000, 0x00000000f5580000, 0x00000000f5580000)
  object space 349696K, 99% used [0x00000000e0000000,0x00000000f557fb28,0x00000000f5580000)
 Metaspace       used 49067K, committed 50304K, reserved 1097728K
  class space    used 4847K, committed 5312K, reserved 1048576K
}
Event: 821.371 GC heap after
{Heap after GC invocations=537 (full 463):
 PSYoungGen      total 37888K, used 26623K [0x00000000f5580000, 0x00000000f8700000, 0x0000000100000000)
  eden space 26624K, 99% used [0x00000000f5580000,0x00000000f6f7ff88,0x00000000f6f80000)
  from space 11264K, 0% used [0x00000000f6f80000,0x00000000f6f80000,0x00000000f7a80000)
  to   space 10752K, 0% used [0x00000000f7a80000,0x00000000f7a80000,0x00000000f8500000)
 ParOldGen       total 349696K, used 349694K [0x00000000e0000000, 0x00000000f5580000, 0x00000000f5580000)
  object space 349696K, 99% used [0x00000000e0000000,0x00000000f557fb28,0x00000000f5580000)
 Metaspace       used 49067K, committed 50304K, reserved 1097728K
  class space    used 4847K, committed 5312K, reserved 1048576K
}
Event: 821.372 GC heap before
{Heap before GC invocations=538 (full 464):
 PSYoungGen      total 37888K, used 26623K [0x00000000f5580000, 0x00000000f8700000, 0x0000000100000000)
  eden space 26624K, 99% used [0x00000000f5580000,0x00000000f6f7fff8,0x00000000f6f80000)
  from space 11264K, 0% used [0x00000000f6f80000,0x00000000f6f80000,0x00000000f7a80000)
  to   space 10752K, 0% used [0x00000000f7a80000,0x00000000f7a80000,0x00000000f8500000)
 ParOldGen       total 349696K, used 349694K [0x00000000e0000000, 0x00000000f5580000, 0x00000000f5580000)
  object space 349696K, 99% used [0x00000000e0000000,0x00000000f557fb28,0x00000000f5580000)
 Metaspace       used 49067K, committed 50304K, reserved 1097728K
  class space    used 4847K, committed 5312K, reserved 1048576K
}
Event: 822.883 GC heap after
{Heap after GC invocations=538 (full 464):
 PSYoungGen      total 37376K, used 26623K [0x00000000f5580000, 0x00000000f8700000, 0x0000000100000000)
  eden space 26624K, 99% used [0x00000000f5580000,0x00000000f6f7ff88,0x00000000f6f80000)
  from space 10752K, 0% used [0x00000000f7a80000,0x00000000f7a80000,0x00000000f8500000)
  to   space 11264K, 0% used [0x00000000f6f80000,0x00000000f6f80000,0x00000000f7a80000)
 ParOldGen       total 349696K, used 349694K [0x00000000e0000000, 0x00000000f5580000, 0x00000000f5580000)
  object space 349696K, 99% used [0x00000000e0000000,0x00000000f557fb28,0x00000000f5580000)
 Metaspace       used 49067K, committed 50304K, reserved 1097728K
  class space    used 4847K, committed 5312K, reserved 1048576K
}
Event: 822.884 GC heap before
{Heap before GC invocations=539 (full 465):
 PSYoungGen      total 37376K, used 26624K [0x00000000f5580000, 0x00000000f8700000, 0x0000000100000000)
  eden space 26624K, 100% used [0x00000000f5580000,0x00000000f6f80000,0x00000000f6f80000)
  from space 10752K, 0% used [0x00000000f7a80000,0x00000000f7a80000,0x00000000f8500000)
  to   space 11264K, 0% used [0x00000000f6f80000,0x00000000f6f80000,0x00000000f7a80000)
 ParOldGen       total 349696K, used 349694K [0x00000000e0000000, 0x00000000f5580000, 0x00000000f5580000)
  object space 349696K, 99% used [0x00000000e0000000,0x00000000f557fb28,0x00000000f5580000)
 Metaspace       used 49067K, committed 50304K, reserved 1097728K
  class space    used 4847K, committed 5312K, reserved 1048576K
}
Event: 824.394 GC heap after
{Heap after GC invocations=539 (full 465):
 PSYoungGen      total 37888K, used 26623K [0x00000000f5580000, 0x00000000f8700000, 0x0000000100000000)
  eden space 26624K, 99% used [0x00000000f5580000,0x00000000f6f7ffc8,0x00000000f6f80000)
  from space 11264K, 0% used [0x00000000f6f80000,0x00000000f6f80000,0x00000000f7a80000)
  to   space 10752K, 0% used [0x00000000f7a80000,0x00000000f7a80000,0x00000000f8500000)
 ParOldGen       total 349696K, used 349694K [0x00000000e0000000, 0x00000000f5580000, 0x00000000f5580000)
  object space 349696K, 99% used [0x00000000e0000000,0x00000000f557fa98,0x00000000f5580000)
 Metaspace       used 49067K, committed 50304K, reserved 1097728K
  class space    used 4847K, committed 5312K, reserved 1048576K
}
Event: 824.394 GC heap before
{Heap before GC invocations=540 (full 466):
 PSYoungGen      total 37888K, used 26624K [0x00000000f5580000, 0x00000000f8700000, 0x0000000100000000)
  eden space 26624K, 100% used [0x00000000f5580000,0x00000000f6f80000,0x00000000f6f80000)
  from space 11264K, 0% used [0x00000000f6f80000,0x00000000f6f80000,0x00000000f7a80000)
  to   space 10752K, 0% used [0x00000000f7a80000,0x00000000f7a80000,0x00000000f8500000)
 ParOldGen       total 349696K, used 349694K [0x00000000e0000000, 0x00000000f5580000, 0x00000000f5580000)
  object space 349696K, 99% used [0x00000000e0000000,0x00000000f557fa98,0x00000000f5580000)
 Metaspace       used 49067K, committed 50304K, reserved 1097728K
  class space    used 4847K, committed 5312K, reserved 1048576K
}
Event: 826.103 GC heap after
{Heap after GC invocations=540 (full 466):
 PSYoungGen      total 37376K, used 26624K [0x00000000f5580000, 0x00000000f8700000, 0x0000000100000000)
  eden space 26624K, 100% used [0x00000000f5580000,0x00000000f6f80000,0x00000000f6f80000)
  from space 10752K, 0% used [0x00000000f7a80000,0x00000000f7a80000,0x00000000f8500000)
  to   space 11264K, 0% used [0x00000000f6f80000,0x00000000f6f80000,0x00000000f7a80000)
 ParOldGen       total 349696K, used 349694K [0x00000000e0000000, 0x00000000f5580000, 0x00000000f5580000)
  object space 349696K, 99% used [0x00000000e0000000,0x00000000f557fa80,0x00000000f5580000)
 Metaspace       used 49067K, committed 50304K, reserved 1097728K
  class space    used 4847K, committed 5312K, reserved 1048576K
}
Event: 826.105 GC heap before
{Heap before GC invocations=541 (full 467):
 PSYoungGen      total 37376K, used 26624K [0x00000000f5580000, 0x00000000f8700000, 0x0000000100000000)
  eden space 26624K, 100% used [0x00000000f5580000,0x00000000f6f80000,0x00000000f6f80000)
  from space 10752K, 0% used [0x00000000f7a80000,0x00000000f7a80000,0x00000000f8500000)
  to   space 11264K, 0% used [0x00000000f6f80000,0x00000000f6f80000,0x00000000f7a80000)
 ParOldGen       total 349696K, used 349695K [0x00000000e0000000, 0x00000000f5580000, 0x00000000f5580000)
  object space 349696K, 99% used [0x00000000e0000000,0x00000000f557fff0,0x00000000f5580000)
 Metaspace       used 49067K, committed 50304K, reserved 1097728K
  class space    used 4847K, committed 5312K, reserved 1048576K
}
Event: 827.770 GC heap after
{Heap after GC invocations=541 (full 467):
 PSYoungGen      total 37888K, used 26623K [0x00000000f5580000, 0x00000000f8700000, 0x0000000100000000)
  eden space 26624K, 99% used [0x00000000f5580000,0x00000000f6f7ff60,0x00000000f6f80000)
  from space 11264K, 0% used [0x00000000f6f80000,0x00000000f6f80000,0x00000000f7a80000)
  to   space 10752K, 0% used [0x00000000f7a80000,0x00000000f7a80000,0x00000000f8500000)
 ParOldGen       total 349696K, used 349695K [0x00000000e0000000, 0x00000000f5580000, 0x00000000f5580000)
  object space 349696K, 99% used [0x00000000e0000000,0x00000000f557fc18,0x00000000f5580000)
 Metaspace       used 49067K, committed 50304K, reserved 1097728K
  class space    used 4847K, committed 5312K, reserved 1048576K
}
Event: 827.770 GC heap before
{Heap before GC invocations=542 (full 468):
 PSYoungGen      total 37888K, used 26623K [0x00000000f5580000, 0x00000000f8700000, 0x0000000100000000)
  eden space 26624K, 99% used [0x00000000f5580000,0x00000000f6f7fff0,0x00000000f6f80000)
  from space 11264K, 0% used [0x00000000f6f80000,0x00000000f6f80000,0x00000000f7a80000)
  to   space 10752K, 0% used [0x00000000f7a80000,0x00000000f7a80000,0x00000000f8500000)
 ParOldGen       total 349696K, used 349695K [0x00000000e0000000, 0x00000000f5580000, 0x00000000f5580000)
  object space 349696K, 99% used [0x00000000e0000000,0x00000000f557fc18,0x00000000f5580000)
 Metaspace       used 49068K, committed 50304K, reserved 1097728K
  class space    used 4847K, committed 5312K, reserved 1048576K
}
Event: 829.317 GC heap after
{Heap after GC invocations=542 (full 468):
 PSYoungGen      total 37376K, used 26623K [0x00000000f5580000, 0x00000000f8700000, 0x0000000100000000)
  eden space 26624K, 99% used [0x00000000f5580000,0x00000000f6f7ffd8,0x00000000f6f80000)
  from space 10752K, 0% used [0x00000000f7a80000,0x00000000f7a80000,0x00000000f8500000)
  to   space 11264K, 0% used [0x00000000f6f80000,0x00000000f6f80000,0x00000000f7a80000)
 ParOldGen       total 349696K, used 349695K [0x00000000e0000000, 0x00000000f5580000, 0x00000000f5580000)
  object space 349696K, 99% used [0x00000000e0000000,0x00000000f557fc18,0x00000000f5580000)
 Metaspace       used 49068K, committed 50304K, reserved 1097728K
  class space    used 4847K, committed 5312K, reserved 1048576K
}
Event: 829.363 GC heap before
{Heap before GC invocations=543 (full 469):
 PSYoungGen      total 37376K, used 26623K [0x00000000f5580000, 0x00000000f8700000, 0x0000000100000000)
  eden space 26624K, 99% used [0x00000000f5580000,0x00000000f6f7fff0,0x00000000f6f80000)
  from space 10752K, 0% used [0x00000000f7a80000,0x00000000f7a80000,0x00000000f8500000)
  to   space 11264K, 0% used [0x00000000f6f80000,0x00000000f6f80000,0x00000000f7a80000)
 ParOldGen       total 349696K, used 349695K [0x00000000e0000000, 0x00000000f5580000, 0x00000000f5580000)
  object space 349696K, 99% used [0x00000000e0000000,0x00000000f557fc18,0x00000000f5580000)
 Metaspace       used 49068K, committed 50304K, reserved 1097728K
  class space    used 4847K, committed 5312K, reserved 1048576K
}
Event: 830.916 GC heap after
{Heap after GC invocations=543 (full 469):
 PSYoungGen      total 37888K, used 26623K [0x00000000f5580000, 0x00000000f8700000, 0x0000000100000000)
  eden space 26624K, 99% used [0x00000000f5580000,0x00000000f6f7fff0,0x00000000f6f80000)
  from space 11264K, 0% used [0x00000000f6f80000,0x00000000f6f80000,0x00000000f7a80000)
  to   space 10752K, 0% used [0x00000000f7a80000,0x00000000f7a80000,0x00000000f8500000)
 ParOldGen       total 349696K, used 349695K [0x00000000e0000000, 0x00000000f5580000, 0x00000000f5580000)
  object space 349696K, 99% used [0x00000000e0000000,0x00000000f557fc18,0x00000000f5580000)
 Metaspace       used 49068K, committed 50304K, reserved 1097728K
  class space    used 4847K, committed 5312K, reserved 1048576K
}
Event: 830.963 GC heap before
{Heap before GC invocations=544 (full 470):
 PSYoungGen      total 37888K, used 26624K [0x00000000f5580000, 0x00000000f8700000, 0x0000000100000000)
  eden space 26624K, 100% used [0x00000000f5580000,0x00000000f6f80000,0x00000000f6f80000)
  from space 11264K, 0% used [0x00000000f6f80000,0x00000000f6f80000,0x00000000f7a80000)
  to   space 10752K, 0% used [0x00000000f7a80000,0x00000000f7a80000,0x00000000f8500000)
 ParOldGen       total 349696K, used 349695K [0x00000000e0000000, 0x00000000f5580000, 0x00000000f5580000)
  object space 349696K, 99% used [0x00000000e0000000,0x00000000f557ff20,0x00000000f5580000)
 Metaspace       used 49068K, committed 50304K, reserved 1097728K
  class space    used 4847K, committed 5312K, reserved 1048576K
}
Event: 832.563 GC heap after
{Heap after GC invocations=544 (full 470):
 PSYoungGen      total 37376K, used 26623K [0x00000000f5580000, 0x00000000f8700000, 0x0000000100000000)
  eden space 26624K, 99% used [0x00000000f5580000,0x00000000f6f7ff78,0x00000000f6f80000)
  from space 10752K, 0% used [0x00000000f7a80000,0x00000000f7a80000,0x00000000f8500000)
  to   space 11264K, 0% used [0x00000000f6f80000,0x00000000f6f80000,0x00000000f7a80000)
 ParOldGen       total 349696K, used 349695K [0x00000000e0000000, 0x00000000f5580000, 0x00000000f5580000)
  object space 349696K, 99% used [0x00000000e0000000,0x00000000f557fee0,0x00000000f5580000)
 Metaspace       used 49068K, committed 50304K, reserved 1097728K
  class space    used 4847K, committed 5312K, reserved 1048576K
}
Event: 832.563 GC heap before
{Heap before GC invocations=545 (full 471):
 PSYoungGen      total 37376K, used 26623K [0x00000000f5580000, 0x00000000f8700000, 0x0000000100000000)
  eden space 26624K, 99% used [0x00000000f5580000,0x00000000f6f7ff78,0x00000000f6f80000)
  from space 10752K, 0% used [0x00000000f7a80000,0x00000000f7a80000,0x00000000f8500000)
  to   space 11264K, 0% used [0x00000000f6f80000,0x00000000f6f80000,0x00000000f7a80000)
 ParOldGen       total 349696K, used 349695K [0x00000000e0000000, 0x00000000f5580000, 0x00000000f5580000)
  object space 349696K, 99% used [0x00000000e0000000,0x00000000f557fee0,0x00000000f5580000)
 Metaspace       used 49068K, committed 50304K, reserved 1097728K
  class space    used 4847K, committed 5312K, reserved 1048576K
}
Event: 834.105 GC heap after
{Heap after GC invocations=545 (full 471):
 PSYoungGen      total 37888K, used 26623K [0x00000000f5580000, 0x00000000f8700000, 0x0000000100000000)
  eden space 26624K, 99% used [0x00000000f5580000,0x00000000f6f7ff78,0x00000000f6f80000)
  from space 11264K, 0% used [0x00000000f6f80000,0x00000000f6f80000,0x00000000f7a80000)
  to   space 10752K, 0% used [0x00000000f7a80000,0x00000000f7a80000,0x00000000f8500000)
 ParOldGen       total 349696K, used 349695K [0x00000000e0000000, 0x00000000f5580000, 0x00000000f5580000)
  object space 349696K, 99% used [0x00000000e0000000,0x00000000f557fee0,0x00000000f5580000)
 Metaspace       used 49068K, committed 50304K, reserved 1097728K
  class space    used 4847K, committed 5312K, reserved 1048576K
}

