# JRE version: OpenJDK Runtime Environment GraalVM CE 22.3.0 (17.0.5+8) (build 17.0.5+8-jvmci-22.3-b08)
# Java VM: OpenJDK 64-Bit Server VM GraalVM CE 22.3.0 (17.0.5+8-jvmci-22.3-b08, mixed mode, sharing, tiered, jvmci, jvmci compiler, compressed oops, compressed class ptrs, parallel gc, linux-amd64)
GC Precious Log:
 CPUs: 8 total, 1 available
 Memory: 1024M
 Large Page Support: Disabled
 NUMA Support: Disabled
 Compressed Oops: Enabled (32-bit)
 Alignments: Space 512K, Generation 512K, Heap 2M
 Heap Min Capacity: 100M
 Heap Initial Capacity: 100M
 Heap Max Capacity: 512M
 Pre-touch: Disabled
 Parallel Workers: 1
Heap:
 PSYoungGen      total 50176K, used 36863K [0x00000000f5580000, 0x00000000f9480000, 0x0000000100000000)
  eden space 36864K, 99% used [0x00000000f5580000,0x00000000f797fff0,0x00000000f7980000)
  from space 13312K, 0% used [0x00000000f7980000,0x00000000f7980000,0x00000000f8680000)
  to   space 13312K, 0% used [0x00000000f8780000,0x00000000f8780000,0x00000000f9480000)
 ParOldGen       total 349696K, used 349695K [0x00000000e0000000, 0x00000000f5580000, 0x00000000f5580000)
  object space 349696K, 99% used [0x00000000e0000000,0x00000000f557fff8,0x00000000f5580000)
 Metaspace       used 54616K, committed 55552K, reserved 1105920K
  class space    used 5305K, committed 5696K, reserved 1048576K
GC Heap History (20 events):
Event: 1627.456 GC heap before
{Heap before GC invocations=837 (full 753):
 PSYoungGen      total 50176K, used 36863K [0x00000000f5580000, 0x00000000f9480000, 0x0000000100000000)
  eden space 36864K, 99% used [0x00000000f5580000,0x00000000f797fff8,0x00000000f7980000)
  from space 13312K, 0% used [0x00000000f7980000,0x00000000f7980000,0x00000000f8680000)
  to   space 13312K, 0% used [0x00000000f8780000,0x00000000f8780000,0x00000000f9480000)
 ParOldGen       total 349696K, used 349694K [0x00000000e0000000, 0x00000000f5580000, 0x00000000f5580000)
  object space 349696K, 99% used [0x00000000e0000000,0x00000000f557fb38,0x00000000f5580000)
 Metaspace       used 54616K, committed 55552K, reserved 1105920K
  class space    used 5305K, committed 5696K, reserved 1048576K
}
Event: 1629.158 GC heap after
{Heap after GC invocations=837 (full 753):
 PSYoungGen      total 50176K, used 36863K [0x00000000f5580000, 0x00000000f9480000, 0x0000000100000000)
  eden space 36864K, 99% used [0x00000000f5580000,0x00000000f797ffd8,0x00000000f7980000)
  from space 13312K, 0% used [0x00000000f8780000,0x00000000f8780000,0x00000000f9480000)
  to   space 13312K, 0% used [0x00000000f7980000,0x00000000f7980000,0x00000000f8680000)
 ParOldGen       total 349696K, used 349692K [0x00000000e0000000, 0x00000000f5580000, 0x00000000f5580000)
  object space 349696K, 99% used [0x00000000e0000000,0x00000000f557f1f0,0x00000000f5580000)
 Metaspace       used 54616K, committed 55552K, reserved 1105920K
  class space    used 5305K, committed 5696K, reserved 1048576K
}
Event: 1629.159 GC heap before
{Heap before GC invocations=838 (full 754):
 PSYoungGen      total 50176K, used 36864K [0x00000000f5580000, 0x00000000f9480000, 0x0000000100000000)
  eden space 36864K, 100% used [0x00000000f5580000,0x00000000f7980000,0x00000000f7980000)
  from space 13312K, 0% used [0x00000000f8780000,0x00000000f8780000,0x00000000f9480000)
  to   space 13312K, 0% used [0x00000000f7980000,0x00000000f7980000,0x00000000f8680000)
 ParOldGen       total 349696K, used 349694K [0x00000000e0000000, 0x00000000f5580000, 0x00000000f5580000)
  object space 349696K, 99% used [0x00000000e0000000,0x00000000f557fb10,0x00000000f5580000)
 Metaspace       used 54616K, committed 55552K, reserved 1105920K
  class space    used 5305K, committed 5696K, reserved 1048576K
}
Event: 1630.977 GC heap after
{Heap after GC invocations=838 (full 754):
 PSYoungGen      total 50176K, used 36863K [0x00000000f5580000, 0x00000000f9480000, 0x0000000100000000)
  eden space 36864K, 99% used [0x00000000f5580000,0x00000000f797ffd8,0x00000000f7980000)
  from space 13312K, 0% used [0x00000000f7980000,0x00000000f7980000,0x00000000f8680000)
  to   space 13312K, 0% used [0x00000000f8780000,0x00000000f8780000,0x00000000f9480000)
 ParOldGen       total 349696K, used 349692K [0x00000000e0000000, 0x00000000f5580000, 0x00000000f5580000)
  object space 349696K, 99% used [0x00000000e0000000,0x00000000f557f290,0x00000000f5580000)
 Metaspace       used 54616K, committed 55552K, reserved 1105920K
  class space    used 5305K, committed 5696K, reserved 1048576K
}
Event: 1630.977 GC heap before
{Heap before GC invocations=839 (full 755):
 PSYoungGen      total 50176K, used 36863K [0x00000000f5580000, 0x00000000f9480000, 0x0000000100000000)
  eden space 36864K, 99% used [0x00000000f5580000,0x00000000f797fff0,0x00000000f7980000)
  from space 13312K, 0% used [0x00000000f7980000,0x00000000f7980000,0x00000000f8680000)
  to   space 13312K, 0% used [0x00000000f8780000,0x00000000f8780000,0x00000000f9480000)
 ParOldGen       total 349696K, used 349694K [0x00000000e0000000, 0x00000000f5580000, 0x00000000f5580000)
  object space 349696K, 99% used [0x00000000e0000000,0x00000000f557fa20,0x00000000f5580000)
 Metaspace       used 54616K, committed 55552K, reserved 1105920K
  class space    used 5305K, committed 5696K, reserved 1048576K
}
Event: 1632.826 GC heap after
{Heap after GC invocations=839 (full 755):
 PSYoungGen      total 50176K, used 36863K [0x00000000f5580000, 0x00000000f9480000, 0x0000000100000000)
  eden space 36864K, 99% used [0x00000000f5580000,0x00000000f797fed0,0x00000000f7980000)
  from space 13312K, 0% used [0x00000000f8780000,0x00000000f8780000,0x00000000f9480000)
  to   space 13312K, 0% used [0x00000000f7980000,0x00000000f7980000,0x00000000f8680000)
 ParOldGen       total 349696K, used 349694K [0x00000000e0000000, 0x00000000f5580000, 0x00000000f5580000)
  object space 349696K, 99% used [0x00000000e0000000,0x00000000f557f950,0x00000000f5580000)
 Metaspace       used 54616K, committed 55552K, reserved 1105920K
  class space    used 5305K, committed 5696K, reserved 1048576K
}
Event: 1632.827 GC heap before
{Heap before GC invocations=840 (full 756):
 PSYoungGen      total 50176K, used 36863K [0x00000000f5580000, 0x00000000f9480000, 0x0000000100000000)
  eden space 36864K, 99% used [0x00000000f5580000,0x00000000f797fff8,0x00000000f7980000)
  from space 13312K, 0% used [0x00000000f8780000,0x00000000f8780000,0x00000000f9480000)
  to   space 13312K, 0% used [0x00000000f7980000,0x00000000f7980000,0x00000000f8680000)
 ParOldGen       total 349696K, used 349694K [0x00000000e0000000, 0x00000000f5580000, 0x00000000f5580000)
  object space 349696K, 99% used [0x00000000e0000000,0x00000000f557f950,0x00000000f5580000)
 Metaspace       used 54616K, committed 55552K, reserved 1105920K
  class space    used 5305K, committed 5696K, reserved 1048576K
}
Event: 1634.567 GC heap after
{Heap after GC invocations=840 (full 756):
 PSYoungGen      total 50176K, used 36863K [0x00000000f5580000, 0x00000000f9480000, 0x0000000100000000)
  eden space 36864K, 99% used [0x00000000f5580000,0x00000000f797ff68,0x00000000f7980000)
  from space 13312K, 0% used [0x00000000f7980000,0x00000000f7980000,0x00000000f8680000)
  to   space 13312K, 0% used [0x00000000f8780000,0x00000000f8780000,0x00000000f9480000)
 ParOldGen       total 349696K, used 349694K [0x00000000e0000000, 0x00000000f5580000, 0x00000000f5580000)
  object space 349696K, 99% used [0x00000000e0000000,0x00000000f557f930,0x00000000f5580000)
 Metaspace       used 54616K, committed 55552K, reserved 1105920K
  class space    used 5305K, committed 5696K, reserved 1048576K
}
Event: 1634.567 GC heap before
{Heap before GC invocations=841 (full 757):
 PSYoungGen      total 50176K, used 36863K [0x00000000f5580000, 0x00000000f9480000, 0x0000000100000000)
  eden space 36864K, 99% used [0x00000000f5580000,0x00000000f797fff8,0x00000000f7980000)
  from space 13312K, 0% used [0x00000000f7980000,0x00000000f7980000,0x00000000f8680000)
  to   space 13312K, 0% used [0x00000000f8780000,0x00000000f8780000,0x00000000f9480000)
 ParOldGen       total 349696K, used 349694K [0x00000000e0000000, 0x00000000f5580000, 0x00000000f5580000)
  object space 349696K, 99% used [0x00000000e0000000,0x00000000f557f930,0x00000000f5580000)
 Metaspace       used 54616K, committed 55552K, reserved 1105920K
  class space    used 5305K, committed 5696K, reserved 1048576K
}
Event: 1636.435 GC heap after
{Heap after GC invocations=841 (full 757):
 PSYoungGen      total 50176K, used 36863K [0x00000000f5580000, 0x00000000f9480000, 0x0000000100000000)
  eden space 36864K, 99% used [0x00000000f5580000,0x00000000f797ff68,0x00000000f7980000)
  from space 13312K, 0% used [0x00000000f8780000,0x00000000f8780000,0x00000000f9480000)
  to   space 13312K, 0% used [0x00000000f7980000,0x00000000f7980000,0x00000000f8680000)
 ParOldGen       total 349696K, used 349694K [0x00000000e0000000, 0x00000000f5580000, 0x00000000f5580000)
  object space 349696K, 99% used [0x00000000e0000000,0x00000000f557f930,0x00000000f5580000)
 Metaspace       used 54616K, committed 55552K, reserved 1105920K
  class space    used 5305K, committed 5696K, reserved 1048576K
}
Event: 1636.436 GC heap before
{Heap before GC invocations=842 (full 758):
 PSYoungGen      total 50176K, used 36863K [0x00000000f5580000, 0x00000000f9480000, 0x0000000100000000)
  eden space 36864K, 99% used [0x00000000f5580000,0x00000000f797fff8,0x00000000f7980000)
  from space 13312K, 0% used [0x00000000f8780000,0x00000000f8780000,0x00000000f9480000)
  to   space 13312K, 0% used [0x00000000f7980000,0x00000000f7980000,0x00000000f8680000)
 ParOldGen       total 349696K, used 349694K [0x00000000e0000000, 0x00000000f5580000, 0x00000000f5580000)
  object space 349696K, 99% used [0x00000000e0000000,0x00000000f557f930,0x00000000f5580000)
 Metaspace       used 54616K, committed 55552K, reserved 1105920K
  class space    used 5305K, committed 5696K, reserved 1048576K
}
Event: 1638.169 GC heap after
{Heap after GC invocations=842 (full 758):
 PSYoungGen      total 50176K, used 36863K [0x00000000f5580000, 0x00000000f9480000, 0x0000000100000000)
  eden space 36864K, 99% used [0x00000000f5580000,0x00000000f797ff68,0x00000000f7980000)
  from space 13312K, 0% used [0x00000000f7980000,0x00000000f7980000,0x00000000f8680000)
  to   space 13312K, 0% used [0x00000000f8780000,0x00000000f8780000,0x00000000f9480000)
 ParOldGen       total 349696K, used 349694K [0x00000000e0000000, 0x00000000f5580000, 0x00000000f5580000)
  object space 349696K, 99% used [0x00000000e0000000,0x00000000f557f930,0x00000000f5580000)
 Metaspace       used 54616K, committed 55552K, reserved 1105920K
  class space    used 5305K, committed 5696K, reserved 1048576K
}
Event: 1638.221 GC heap before
{Heap before GC invocations=843 (full 759):
 PSYoungGen      total 50176K, used 36864K [0x00000000f5580000, 0x00000000f9480000, 0x0000000100000000)
  eden space 36864K, 100% used [0x00000000f5580000,0x00000000f7980000,0x00000000f7980000)
  from space 13312K, 0% used [0x00000000f7980000,0x00000000f7980000,0x00000000f8680000)
  to   space 13312K, 0% used [0x00000000f8780000,0x00000000f8780000,0x00000000f9480000)
 ParOldGen       total 349696K, used 349694K [0x00000000e0000000, 0x00000000f5580000, 0x00000000f5580000)
  object space 349696K, 99% used [0x00000000e0000000,0x00000000f557f930,0x00000000f5580000)
 Metaspace       used 54616K, committed 55552K, reserved 1105920K
  class space    used 5305K, committed 5696K, reserved 1048576K
}
Event: 1639.958 GC heap after
{Heap after GC invocations=843 (full 759):
 PSYoungGen      total 50176K, used 36863K [0x00000000f5580000, 0x00000000f9480000, 0x0000000100000000)
  eden space 36864K, 99% used [0x00000000f5580000,0x00000000f797ff80,0x00000000f7980000)
  from space 13312K, 0% used [0x00000000f8780000,0x00000000f8780000,0x00000000f9480000)
  to   space 13312K, 0% used [0x00000000f7980000,0x00000000f7980000,0x00000000f8680000)
 ParOldGen       total 349696K, used 349694K [0x00000000e0000000, 0x00000000f5580000, 0x00000000f5580000)
  object space 349696K, 99% used [0x00000000e0000000,0x00000000f557f930,0x00000000f5580000)
 Metaspace       used 54616K, committed 55552K, reserved 1105920K
  class space    used 5305K, committed 5696K, reserved 1048576K
}
Event: 1639.959 GC heap before
{Heap before GC invocations=844 (full 760):
 PSYoungGen      total 50176K, used 36864K [0x00000000f5580000, 0x00000000f9480000, 0x0000000100000000)
  eden space 36864K, 100% used [0x00000000f5580000,0x00000000f7980000,0x00000000f7980000)
  from space 13312K, 0% used [0x00000000f8780000,0x00000000f8780000,0x00000000f9480000)
  to   space 13312K, 0% used [0x00000000f7980000,0x00000000f7980000,0x00000000f8680000)
 ParOldGen       total 349696K, used 349694K [0x00000000e0000000, 0x00000000f5580000, 0x00000000f5580000)
  object space 349696K, 99% used [0x00000000e0000000,0x00000000f557f930,0x00000000f5580000)
 Metaspace       used 54616K, committed 55552K, reserved 1105920K
  class space    used 5305K, committed 5696K, reserved 1048576K
}
Event: 1641.772 GC heap after
{Heap after GC invocations=844 (full 760):
 PSYoungGen      total 50176K, used 36863K [0x00000000f5580000, 0x00000000f9480000, 0x0000000100000000)
  eden space 36864K, 99% used [0x00000000f5580000,0x00000000f797ff80,0x00000000f7980000)
  from space 13312K, 0% used [0x00000000f7980000,0x00000000f7980000,0x00000000f8680000)
  to   space 13312K, 0% used [0x00000000f8780000,0x00000000f8780000,0x00000000f9480000)
 ParOldGen       total 349696K, used 349694K [0x00000000e0000000, 0x00000000f5580000, 0x00000000f5580000)
  object space 349696K, 99% used [0x00000000e0000000,0x00000000f557f930,0x00000000f5580000)
 Metaspace       used 54616K, committed 55552K, reserved 1105920K
  class space    used 5305K, committed 5696K, reserved 1048576K
}
Event: 1641.772 GC heap before
{Heap before GC invocations=845 (full 761):
 PSYoungGen      total 50176K, used 36863K [0x00000000f5580000, 0x00000000f9480000, 0x0000000100000000)
  eden space 36864K, 99% used [0x00000000f5580000,0x00000000f797ffb8,0x00000000f7980000)
  from space 13312K, 0% used [0x00000000f7980000,0x00000000f7980000,0x00000000f8680000)
  to   space 13312K, 0% used [0x00000000f8780000,0x00000000f8780000,0x00000000f9480000)
 ParOldGen       total 349696K, used 349694K [0x00000000e0000000, 0x00000000f5580000, 0x00000000f5580000)
  object space 349696K, 99% used [0x00000000e0000000,0x00000000f557f930,0x00000000f5580000)
 Metaspace       used 54616K, committed 55552K, reserved 1105920K
  class space    used 5305K, committed 5696K, reserved 1048576K
}
Event: 1643.645 GC heap after
{Heap after GC invocations=845 (full 761):
 PSYoungGen      total 50176K, used 36863K [0x00000000f5580000, 0x00000000f9480000, 0x0000000100000000)
  eden space 36864K, 99% used [0x00000000f5580000,0x00000000f797ff98,0x00000000f7980000)
  from space 13312K, 0% used [0x00000000f8780000,0x00000000f8780000,0x00000000f9480000)
  to   space 13312K, 0% used [0x00000000f7980000,0x00000000f7980000,0x00000000f8680000)
 ParOldGen       total 349696K, used 349694K [0x00000000e0000000, 0x00000000f5580000, 0x00000000f5580000)
  object space 349696K, 99% used [0x00000000e0000000,0x00000000f557f930,0x00000000f5580000)
 Metaspace       used 54616K, committed 55552K, reserved 1105920K
  class space    used 5305K, committed 5696K, reserved 1048576K
}
Event: 1643.645 GC heap before
{Heap before GC invocations=846 (full 762):
 PSYoungGen      total 50176K, used 36863K [0x00000000f5580000, 0x00000000f9480000, 0x0000000100000000)
  eden space 36864K, 99% used [0x00000000f5580000,0x00000000f797ff98,0x00000000f7980000)
  from space 13312K, 0% used [0x00000000f8780000,0x00000000f8780000,0x00000000f9480000)
  to   space 13312K, 0% used [0x00000000f7980000,0x00000000f7980000,0x00000000f8680000)
 ParOldGen       total 349696K, used 349694K [0x00000000e0000000, 0x00000000f5580000, 0x00000000f5580000)
  object space 349696K, 99% used [0x00000000e0000000,0x00000000f557f930,0x00000000f5580000)
 Metaspace       used 54616K, committed 55552K, reserved 1105920K
  class space    used 5305K, committed 5696K, reserved 1048576K
}
Event: 1645.439 GC heap after
{Heap after GC invocations=846 (full 762):
 PSYoungGen      total 50176K, used 36863K [0x00000000f5580000, 0x00000000f9480000, 0x0000000100000000)
  eden space 36864K, 99% used [0x00000000f5580000,0x00000000f797ff98,0x00000000f7980000)
  from space 13312K, 0% used [0x00000000f7980000,0x00000000f7980000,0x00000000f8680000)
  to   space 13312K, 0% used [0x00000000f8780000,0x00000000f8780000,0x00000000f9480000)
 ParOldGen       total 349696K, used 349694K [0x00000000e0000000, 0x00000000f5580000, 0x00000000f5580000)
  object space 349696K, 99% used [0x00000000e0000000,0x00000000f557f930,0x00000000f5580000)
 Metaspace       used 54616K, committed 55552K, reserved 1105920K
  class space    used 5305K, committed 5696K, reserved 1048576K
}

